[2025-04-28T09:56:33.929+0000] {taskinstance.py:1956} INFO - Dependencies all met for dep_context=non-requeueable deps ti=<TaskInstance: update_energy_data_dag.run_update_energy_data scheduled__2025-04-27T12:00:00+00:00 [queued]>
[2025-04-28T09:56:33.947+0000] {taskinstance.py:1956} INFO - Dependencies all met for dep_context=requeueable deps ti=<TaskInstance: update_energy_data_dag.run_update_energy_data scheduled__2025-04-27T12:00:00+00:00 [queued]>
[2025-04-28T09:56:33.948+0000] {taskinstance.py:2170} INFO - Starting attempt 2 of 2
[2025-04-28T09:56:33.976+0000] {taskinstance.py:2191} INFO - Executing <Task(PythonOperator): run_update_energy_data> on 2025-04-27 12:00:00+00:00
[2025-04-28T09:56:33.989+0000] {standard_task_runner.py:60} INFO - Started process 85 to run task
[2025-04-28T09:56:33.996+0000] {standard_task_runner.py:87} INFO - Running: ['***', 'tasks', 'run', 'update_energy_data_dag', 'run_update_energy_data', 'scheduled__2025-04-27T12:00:00+00:00', '--job-id', '20', '--raw', '--subdir', 'DAGS_FOLDER/energy_dag.py', '--cfg-path', '/tmp/tmpkz99o2zg']
[2025-04-28T09:56:33.999+0000] {standard_task_runner.py:88} INFO - Job 20: Subtask run_update_energy_data
[2025-04-28T09:56:34.080+0000] {taskinstance.py:1946} INFO - Dependencies not met for <TaskInstance: update_energy_data_dag.run_update_energy_data scheduled__2025-04-27T12:00:00+00:00 [running]>, dependency 'Task Instance Not Running' FAILED: Task is in the running state
[2025-04-28T09:56:34.081+0000] {taskinstance.py:1946} INFO - Dependencies not met for <TaskInstance: update_energy_data_dag.run_update_energy_data scheduled__2025-04-27T12:00:00+00:00 [running]>, dependency 'Task Instance State' FAILED: Task is in the 'running' state.
[2025-04-28T09:56:34.089+0000] {task_command.py:423} INFO - Running <TaskInstance: update_energy_data_dag.run_update_energy_data scheduled__2025-04-27T12:00:00+00:00 [running]> on host a1e753507fc0
[2025-04-28T09:56:34.095+0000] {local_task_job_runner.py:160} INFO - Task is not able to be run
[2025-04-28T09:56:34.250+0000] {taskinstance.py:2480} INFO - Exporting env vars: AIRFLOW_CTX_DAG_OWNER='***' AIRFLOW_CTX_DAG_ID='update_energy_data_dag' AIRFLOW_CTX_TASK_ID='run_update_energy_data' AIRFLOW_CTX_EXECUTION_DATE='2025-04-27T12:00:00+00:00' AIRFLOW_CTX_TRY_NUMBER='2' AIRFLOW_CTX_DAG_RUN_ID='scheduled__2025-04-27T12:00:00+00:00'
[2025-04-28T09:56:34.252+0000] {logging_mixin.py:188} INFO - hoi
[2025-04-28T09:56:35.441+0000] {logging_mixin.py:188} INFO - Data A65_A01 Retrieved Successfully
[2025-04-28T09:56:37.695+0000] {logging_mixin.py:188} INFO - Data A65_A16 Retrieved Successfully
[2025-04-28T09:56:40.437+0000] {logging_mixin.py:188} INFO - Data A75_A16 Retrieved Successfully
[2025-04-28T09:56:40.800+0000] {logging_mixin.py:188} WARNING - Fetching Data Progress:   0%|          | 0/1 [00:00<?, ?segment/s]
[2025-04-28T09:56:42.882+0000] {logging_mixin.py:188} WARNING - Fetching Data Progress: 100%|##########| 1/1 [00:02<00:00,  2.08s/segment]
[2025-04-28T09:56:42.882+0000] {logging_mixin.py:188} WARNING - Fetching Data Progress: 100%|##########| 1/1 [00:02<00:00,  2.08s/segment]
[2025-04-28T09:56:43.156+0000] {logging_mixin.py:188} INFO - 📥 Upserting A01_data ...
[2025-04-28T09:56:43.207+0000] {logging_mixin.py:188} INFO - ✅ Data upserted successfully!
[2025-04-28T09:56:43.208+0000] {logging_mixin.py:188} INFO - 📥 Upserting A16_data ...
[2025-04-28T09:56:43.243+0000] {logging_mixin.py:188} INFO - ✅ Data upserted successfully!
[2025-04-28T09:56:43.243+0000] {logging_mixin.py:188} INFO - 📥 Upserting generation_data ...
[2025-04-28T09:56:43.285+0000] {logging_mixin.py:188} INFO - ✅ Data upserted successfully!
[2025-04-28T09:56:43.286+0000] {logging_mixin.py:188} INFO - 📥 Upserting market_data ...
[2025-04-28T09:56:43.322+0000] {logging_mixin.py:188} INFO - ✅ Data upserted successfully!
[2025-04-28T09:56:43.323+0000] {logging_mixin.py:188} INFO - 📥 Upserting weather_data ...
[2025-04-28T09:56:43.344+0000] {logging_mixin.py:188} INFO - ✅ Data upserted successfully!
[2025-04-28T09:56:43.345+0000] {python.py:201} INFO - Done. Returned value was: None
[2025-04-28T09:56:43.358+0000] {taskinstance.py:1138} INFO - Marking task as SUCCESS. dag_id=update_energy_data_dag, task_id=run_update_energy_data, execution_date=20250427T120000, start_date=20250428T095633, end_date=20250428T095643
[2025-04-28T09:56:43.443+0000] {local_task_job_runner.py:234} INFO - Task exited with return code 0
[2025-04-28T09:56:43.471+0000] {taskinstance.py:3280} INFO - 0 downstream tasks scheduled from follow-on schedule check
