[2025-04-28T09:56:34.212+0000] {taskinstance.py:1956} INFO - Dependencies all met for dep_context=non-requeueable deps ti=<TaskInstance: update_energy_data_dag.run_update_energy_data scheduled__2025-04-25T00:00:00+00:00 [queued]>
[2025-04-28T09:56:34.229+0000] {taskinstance.py:1956} INFO - Dependencies all met for dep_context=requeueable deps ti=<TaskInstance: update_energy_data_dag.run_update_energy_data scheduled__2025-04-25T00:00:00+00:00 [queued]>
[2025-04-28T09:56:34.230+0000] {taskinstance.py:2170} INFO - Starting attempt 2 of 2
[2025-04-28T09:56:34.252+0000] {taskinstance.py:2191} INFO - Executing <Task(PythonOperator): run_update_energy_data> on 2025-04-25 00:00:00+00:00
[2025-04-28T09:56:34.254+0000] {taskinstance.py:1946} INFO - Dependencies not met for <TaskInstance: update_energy_data_dag.run_update_energy_data scheduled__2025-04-25T00:00:00+00:00 [running]>, dependency 'Task Instance Not Running' FAILED: Task is in the running state
[2025-04-28T09:56:34.255+0000] {taskinstance.py:1946} INFO - Dependencies not met for <TaskInstance: update_energy_data_dag.run_update_energy_data scheduled__2025-04-25T00:00:00+00:00 [running]>, dependency 'Task Instance State' FAILED: Task is in the 'running' state.
[2025-04-28T09:56:34.264+0000] {standard_task_runner.py:60} INFO - Started process 86 to run task
[2025-04-28T09:56:34.270+0000] {local_task_job_runner.py:160} INFO - Task is not able to be run
[2025-04-28T09:56:34.270+0000] {standard_task_runner.py:87} INFO - Running: ['***', 'tasks', 'run', 'update_energy_data_dag', 'run_update_energy_data', 'scheduled__2025-04-25T00:00:00+00:00', '--job-id', '24', '--raw', '--subdir', 'DAGS_FOLDER/energy_dag.py', '--cfg-path', '/tmp/tmp3dv3v4d3']
[2025-04-28T09:56:34.272+0000] {standard_task_runner.py:88} INFO - Job 24: Subtask run_update_energy_data
[2025-04-28T09:56:34.337+0000] {task_command.py:423} INFO - Running <TaskInstance: update_energy_data_dag.run_update_energy_data scheduled__2025-04-25T00:00:00+00:00 [running]> on host a1e753507fc0
[2025-04-28T09:56:34.432+0000] {taskinstance.py:2480} INFO - Exporting env vars: AIRFLOW_CTX_DAG_OWNER='***' AIRFLOW_CTX_DAG_ID='update_energy_data_dag' AIRFLOW_CTX_TASK_ID='run_update_energy_data' AIRFLOW_CTX_EXECUTION_DATE='2025-04-25T00:00:00+00:00' AIRFLOW_CTX_TRY_NUMBER='2' AIRFLOW_CTX_DAG_RUN_ID='scheduled__2025-04-25T00:00:00+00:00'
[2025-04-28T09:56:34.435+0000] {logging_mixin.py:188} INFO - hoi
[2025-04-28T09:56:38.112+0000] {logging_mixin.py:188} INFO - Data A65_A01 Retrieved Successfully
[2025-04-28T09:56:39.596+0000] {logging_mixin.py:188} INFO - Data A65_A16 Retrieved Successfully
[2025-04-28T09:56:42.278+0000] {logging_mixin.py:188} INFO - Data A75_A16 Retrieved Successfully
[2025-04-28T09:56:42.662+0000] {logging_mixin.py:188} WARNING - Fetching Data Progress:   0%|          | 0/1 [00:00<?, ?segment/s]
[2025-04-28T09:56:43.857+0000] {logging_mixin.py:188} WARNING - Fetching Data Progress: 100%|##########| 1/1 [00:01<00:00,  1.19s/segment]
[2025-04-28T09:56:43.857+0000] {logging_mixin.py:188} WARNING - Fetching Data Progress: 100%|##########| 1/1 [00:01<00:00,  1.19s/segment]
[2025-04-28T09:56:44.212+0000] {logging_mixin.py:188} INFO - 📥 Upserting A01_data ...
[2025-04-28T09:56:44.246+0000] {logging_mixin.py:188} INFO - ✅ Data upserted successfully!
[2025-04-28T09:56:44.247+0000] {logging_mixin.py:188} INFO - 📥 Upserting A16_data ...
[2025-04-28T09:56:44.272+0000] {logging_mixin.py:188} INFO - ✅ Data upserted successfully!
[2025-04-28T09:56:44.273+0000] {logging_mixin.py:188} INFO - 📥 Upserting generation_data ...
[2025-04-28T09:56:44.299+0000] {logging_mixin.py:188} INFO - ✅ Data upserted successfully!
[2025-04-28T09:56:44.299+0000] {logging_mixin.py:188} INFO - 📥 Upserting market_data ...
[2025-04-28T09:56:44.315+0000] {logging_mixin.py:188} INFO - ✅ Data upserted successfully!
[2025-04-28T09:56:44.316+0000] {logging_mixin.py:188} INFO - 📥 Upserting weather_data ...
[2025-04-28T09:56:44.329+0000] {logging_mixin.py:188} INFO - ✅ Data upserted successfully!
[2025-04-28T09:56:44.330+0000] {python.py:201} INFO - Done. Returned value was: None
[2025-04-28T09:56:44.338+0000] {taskinstance.py:1138} INFO - Marking task as SUCCESS. dag_id=update_energy_data_dag, task_id=run_update_energy_data, execution_date=20250425T000000, start_date=20250428T095634, end_date=20250428T095644
[2025-04-28T09:56:44.372+0000] {local_task_job_runner.py:234} INFO - Task exited with return code 0
[2025-04-28T09:56:44.387+0000] {taskinstance.py:3280} INFO - 0 downstream tasks scheduled from follow-on schedule check
