[2025-04-24T15:29:26.574+0000] {taskinstance.py:1956} INFO - Dependencies all met for dep_context=non-requeueable deps ti=<TaskInstance: update_energy_data_dag.run_update_energy_data manual__2025-04-24T15:29:24.209030+00:00 [queued]>
[2025-04-24T15:29:26.582+0000] {taskinstance.py:1956} INFO - Dependencies all met for dep_context=requeueable deps ti=<TaskInstance: update_energy_data_dag.run_update_energy_data manual__2025-04-24T15:29:24.209030+00:00 [queued]>
[2025-04-24T15:29:26.582+0000] {taskinstance.py:2170} INFO - Starting attempt 1 of 2
[2025-04-24T15:29:26.597+0000] {taskinstance.py:2191} INFO - Executing <Task(PythonOperator): run_update_energy_data> on 2025-04-24 15:29:24.209030+00:00
[2025-04-24T15:29:26.607+0000] {standard_task_runner.py:60} INFO - Started process 353 to run task
[2025-04-24T15:29:26.612+0000] {standard_task_runner.py:87} INFO - Running: ['***', 'tasks', 'run', 'update_energy_data_dag', 'run_update_energy_data', 'manual__2025-04-24T15:29:24.209030+00:00', '--job-id', '16', '--raw', '--subdir', 'DAGS_FOLDER/energy_dag.py', '--cfg-path', '/tmp/tmpy2z3rumi']
[2025-04-24T15:29:26.613+0000] {standard_task_runner.py:88} INFO - Job 16: Subtask run_update_energy_data
[2025-04-24T15:29:26.671+0000] {task_command.py:423} INFO - Running <TaskInstance: update_energy_data_dag.run_update_energy_data manual__2025-04-24T15:29:24.209030+00:00 [running]> on host a1e753507fc0
[2025-04-24T15:29:26.760+0000] {taskinstance.py:2480} INFO - Exporting env vars: AIRFLOW_CTX_DAG_OWNER='***' AIRFLOW_CTX_DAG_ID='update_energy_data_dag' AIRFLOW_CTX_TASK_ID='run_update_energy_data' AIRFLOW_CTX_EXECUTION_DATE='2025-04-24T15:29:24.209030+00:00' AIRFLOW_CTX_TRY_NUMBER='1' AIRFLOW_CTX_DAG_RUN_ID='manual__2025-04-24T15:29:24.209030+00:00'
[2025-04-24T15:29:26.761+0000] {logging_mixin.py:188} INFO - hoi
[2025-04-24T15:29:28.347+0000] {logging_mixin.py:188} INFO - Data A65_A01 Retrieved Successfully
[2025-04-24T15:29:30.446+0000] {logging_mixin.py:188} INFO - Data A65_A16 Retrieved Successfully
[2025-04-24T15:30:01.526+0000] {logging_mixin.py:188} INFO - Data A75_A16 Retrieved Successfully
[2025-04-24T15:30:01.907+0000] {logging_mixin.py:188} WARNING - Fetching Data Progress:   0%|          | 0/1 [00:00<?, ?segment/s]
[2025-04-24T15:30:03.905+0000] {logging_mixin.py:188} WARNING - Fetching Data Progress: 100%|##########| 1/1 [00:01<00:00,  2.00s/segment]
[2025-04-24T15:30:03.905+0000] {logging_mixin.py:188} WARNING - Fetching Data Progress: 100%|##########| 1/1 [00:01<00:00,  2.00s/segment]
[2025-04-24T15:30:04.124+0000] {logging_mixin.py:188} INFO - 📥 Upserting A01_data ...
[2025-04-24T15:30:04.182+0000] {logging_mixin.py:188} INFO - ✅ Data upserted successfully!
[2025-04-24T15:30:04.183+0000] {logging_mixin.py:188} INFO - 📥 Upserting A16_data ...
[2025-04-24T15:30:04.215+0000] {logging_mixin.py:188} INFO - ✅ Data upserted successfully!
[2025-04-24T15:30:04.216+0000] {logging_mixin.py:188} INFO - 📥 Upserting generation_data ...
[2025-04-24T15:30:04.257+0000] {logging_mixin.py:188} INFO - ✅ Data upserted successfully!
[2025-04-24T15:30:04.258+0000] {logging_mixin.py:188} INFO - 📥 Upserting market_data ...
[2025-04-24T15:30:04.285+0000] {logging_mixin.py:188} INFO - ✅ Data upserted successfully!
[2025-04-24T15:30:04.285+0000] {logging_mixin.py:188} INFO - 📥 Upserting weather_data ...
[2025-04-24T15:30:04.304+0000] {logging_mixin.py:188} INFO - ✅ Data upserted successfully!
[2025-04-24T15:30:04.304+0000] {python.py:201} INFO - Done. Returned value was: None
[2025-04-24T15:30:04.316+0000] {taskinstance.py:1138} INFO - Marking task as SUCCESS. dag_id=update_energy_data_dag, task_id=run_update_energy_data, execution_date=20250424T152924, start_date=20250424T152926, end_date=20250424T153004
[2025-04-24T15:30:04.383+0000] {local_task_job_runner.py:234} INFO - Task exited with return code 0
[2025-04-24T15:30:04.402+0000] {taskinstance.py:3280} INFO - 0 downstream tasks scheduled from follow-on schedule check
